# JRE version: Java(TM) SE Runtime Environment (11.0.2+9) (build 11.0.2+9-LTS)
# Java VM: Java HotSpot(TM) 64-Bit Server VM (11.0.2+9-LTS, mixed mode, tiered, compressed oops, g1 gc, windows-amd64)
Heap:
 garbage-first heap   total 65536K, used 20800K [0x00000000c0400000, 0x0000000100000000)
  region size 1024K, 18 young (18432K), 4 survivors (4096K)
 Metaspace       used 29086K, capacity 29812K, committed 30076K, reserved 1075200K
  class space    used 3342K, capacity 3625K, committed 3708K, reserved 1048576K
GC Heap History (10 events):
Event: 2.342 GC heap before
{Heap before GC invocations=0 (full 0):
 garbage-first heap   total 65536K, used 13312K [0x00000000c0400000, 0x0000000100000000)
  region size 1024K, 14 young (14336K), 0 survivors (0K)
 Metaspace       used 11197K, capacity 11432K, committed 11648K, reserved 1060864K
  class space    used 1077K, capacity 1147K, committed 1152K, reserved 1048576K
}
Event: 2.350 GC heap after
{Heap after GC invocations=1 (full 0):
 garbage-first heap   total 65536K, used 3968K [0x00000000c0400000, 0x0000000100000000)
  region size 1024K, 2 young (2048K), 2 survivors (2048K)
 Metaspace       used 11197K, capacity 11432K, committed 11648K, reserved 1060864K
  class space    used 1077K, capacity 1147K, committed 1152K, reserved 1048576K
}
Event: 2.927 GC heap before
{Heap before GC invocations=1 (full 0):
 garbage-first heap   total 65536K, used 16256K [0x00000000c0400000, 0x0000000100000000)
  region size 1024K, 14 young (14336K), 2 survivors (2048K)
 Metaspace       used 14892K, capacity 15286K, committed 15488K, reserved 1062912K
  class space    used 1510K, capacity 1631K, committed 1664K, reserved 1048576K
}
Event: 2.935 GC heap after
{Heap after GC invocations=2 (full 0):
 garbage-first heap   total 65536K, used 4809K [0x00000000c0400000, 0x0000000100000000)
  region size 1024K, 1 young (1024K), 1 survivors (1024K)
 Metaspace       used 14892K, capacity 15286K, committed 15488K, reserved 1062912K
  class space    used 1510K, capacity 1631K, committed 1664K, reserved 1048576K
}
Event: 4.047 GC heap before
{Heap before GC invocations=2 (full 0):
 garbage-first heap   total 65536K, used 30409K [0x00000000c0400000, 0x0000000100000000)
  region size 1024K, 27 young (27648K), 1 survivors (1024K)
 Metaspace       used 19691K, capacity 20104K, committed 20352K, reserved 1067008K
  class space    used 2229K, capacity 2384K, committed 2432K, reserved 1048576K
}
Event: 4.052 GC heap after
{Heap after GC invocations=3 (full 0):
 garbage-first heap   total 65536K, used 5957K [0x00000000c0400000, 0x0000000100000000)
  region size 1024K, 2 young (2048K), 2 survivors (2048K)
 Metaspace       used 19691K, capacity 20104K, committed 20352K, reserved 1067008K
  class space    used 2229K, capacity 2384K, committed 2432K, reserved 1048576K
}
Event: 4.222 GC heap before
{Heap before GC invocations=3 (full 0):
 garbage-first heap   total 65536K, used 9029K [0x00000000c0400000, 0x0000000100000000)
  region size 1024K, 7 young (7168K), 2 survivors (2048K)
 Metaspace       used 20766K, capacity 21179K, committed 21248K, reserved 1069056K
  class space    used 2369K, capacity 2533K, committed 2560K, reserved 1048576K
}
Event: 4.230 GC heap after
{Heap after GC invocations=4 (full 0):
 garbage-first heap   total 65536K, used 6221K [0x00000000c0400000, 0x0000000100000000)
  region size 1024K, 3 young (3072K), 3 survivors (3072K)
 Metaspace       used 20766K, capacity 21179K, committed 21248K, reserved 1069056K
  class space    used 2369K, capacity 2533K, committed 2560K, reserved 1048576K
}
Event: 5.069 GC heap before
{Heap before GC invocations=5 (full 0):
 garbage-first heap   total 65536K, used 35917K [0x00000000c0400000, 0x0000000100000000)
  region size 1024K, 33 young (33792K), 3 survivors (3072K)
 Metaspace       used 27419K, capacity 28018K, committed 28284K, reserved 1075200K
  class space    used 3146K, capacity 3412K, committed 3452K, reserved 1048576K
}
Event: 5.076 GC heap after
{Heap after GC invocations=6 (full 0):
 garbage-first heap   total 65536K, used 7488K [0x00000000c0400000, 0x0000000100000000)
  region size 1024K, 4 young (4096K), 4 survivors (4096K)
 Metaspace       used 27419K, capacity 28018K, committed 28284K, reserved 1075200K
  class space    used 3146K, capacity 3412K, committed 3452K, reserved 1048576K
}

